
*** Running vivado
    with args -log test_modules.vds -m64 -product Vivado -mode batch -messageDb vivado.pb -notrace -source test_modules.tcl


****** Vivado v2018.2 (64-bit)
  **** SW Build 2258646 on Thu Jun 14 20:03:12 MDT 2018
  **** IP Build 2256618 on Thu Jun 14 22:10:49 MDT 2018
    ** Copyright 1986-2018 Xilinx, Inc. All Rights Reserved.

source test_modules.tcl -notrace
Command: synth_design -top test_modules -part xc7z010clg400-1
Starting synth_design
Attempting to get a license for feature 'Synthesis' and/or device 'xc7z010'
INFO: [Common 17-349] Got license for feature 'Synthesis' and/or device 'xc7z010'
INFO: Launching helper process for spawning children vivado processes
INFO: Helper process launched with PID 7524 
---------------------------------------------------------------------------------
Starting Synthesize : Time (s): cpu = 00:00:03 ; elapsed = 00:00:03 . Memory (MB): peak = 407.641 ; gain = 96.352
---------------------------------------------------------------------------------
INFO: [Synth 8-638] synthesizing module 'test_modules' [C:/Users/ehsan/final_from_begining/final_from_begining.srcs/sources_1/new/test_modules.vhd:10]
WARNING: [Synth 8-312] ignoring unsynthesizable construct: extra waveform elements [C:/Users/ehsan/final_from_begining/final_from_begining.srcs/sources_1/new/test_modules.vhd:48]
WARNING: [Synth 8-312] ignoring unsynthesizable construct: extra waveform elements [C:/Users/ehsan/final_from_begining/final_from_begining.srcs/sources_1/new/test_modules.vhd:49]
INFO: [Synth 8-3491] module 'add_module_real' declared at 'C:/Users/ehsan/final_from_begining/final_from_begining.srcs/sources_1/new/adder_module_real.vhd:7' bound to instance 'adder_ut' of component 'add_module_real' [C:/Users/ehsan/final_from_begining/final_from_begining.srcs/sources_1/new/test_modules.vhd:52]
INFO: [Synth 8-638] synthesizing module 'add_module_real' [C:/Users/ehsan/final_from_begining/final_from_begining.srcs/sources_1/new/adder_module_real.vhd:14]
ERROR: [Synth 8-502] non-constant real-valued expression is not supported [C:/Users/ehsan/final_from_begining/final_from_begining.srcs/sources_1/new/adder_module_real.vhd:19]
ERROR: [Synth 8-502] non-constant real-valued expression is not supported [C:/Users/ehsan/final_from_begining/final_from_begining.srcs/sources_1/new/adder_module_real.vhd:19]
ERROR: [Synth 8-285] failed synthesizing module 'add_module_real' [C:/Users/ehsan/final_from_begining/final_from_begining.srcs/sources_1/new/adder_module_real.vhd:14]
ERROR: [Synth 8-285] failed synthesizing module 'test_modules' [C:/Users/ehsan/final_from_begining/final_from_begining.srcs/sources_1/new/test_modules.vhd:10]
---------------------------------------------------------------------------------
Finished Synthesize : Time (s): cpu = 00:00:04 ; elapsed = 00:00:04 . Memory (MB): peak = 464.453 ; gain = 153.164
---------------------------------------------------------------------------------
synthesize failed
INFO: [Common 17-83] Releasing license: Synthesis
5 Infos, 2 Warnings, 0 Critical Warnings and 5 Errors encountered.
synth_design failed
ERROR: [Common 17-69] Command failed: Vivado Synthesis failed
INFO: [Common 17-206] Exiting Vivado at Tue Jun 25 13:01:22 2019...
